Arguments: 
  /opt/conda/bin/node /opt/conda/lib/python3.7/site-packages/jupyterlab/staging/yarn.js install

PATH: 
  /opt/conda/bin:/opt/conda/bin:/usr/local/sbin:/usr/local/bin:/usr/sbin:/usr/bin:/sbin:/bin

Yarn version: 
  1.9.4

Node version: 
  11.14.0

Platform: 
  linux x64

Trace: 
  Error: https://registry.yarnpkg.com/@types%2freact: ETIMEDOUT
      at Timeout._onTimeout (/opt/conda/lib/python3.7/site-packages/jupyterlab/staging/yarn.js:138128:19)
      at listOnTimeout (internal/timers.js:535:17)
      at processTimers (internal/timers.js:479:7)

npm manifest: 
  {
    "name": "@jupyterlab/zenodo",
    "version": "1.0.0",
    "description": "JupyterLab extension for uploading to Zenodo",
    "keywords": [
      "jupyter",
      "jupyterlab",
      "jupyterlab-extension",
      "zenodo"
    ],
    "homepage": "https://github.com/ChameleonCloud/jupyterlab-zenodo",
    "bugs": {
      "url": "https://github.com/ChameleonCloud/jupyterlab-zenodo/issues"
    },
    "repository": {
      "type": "git",
      "url": "https://github.com/ChameleonCloud/jupyterlab-zenodo.git"
    },
    "license": "None",
    "author": "Maxine King",
    "files": [
      "lib/*/*d.ts",
      "lib/*/*.js",
      "lib/*.d.ts",
      "lib/*.js",
      "style/*.*"
    ],
    "directories": {
      "lib": "lib/"
    },
    "scripts": {
      "build": "tsc",
      "build:test": "cd test && ./build-tests.sh",
      "clean": "rimraf lib",
      "precommit": "lint-staged",
      "prettier": "prettier --write '**/*{.ts,.tsx,.js,.jsx,.css,.json,.md}'",
      "test": "cd test && ./run-tests.sh",
      "watch": "tsc -w"
    },
    "lint-staged": {
      "**/*{.ts,.tsx,.css,.json,.md}": [
        "prettier --write",
        "git add"
      ]
    },
    "dependencies": {
      "@jupyterlab/application": "^1.0.0",
      "@jupyterlab/apputils": "^1.0.0",
      "@jupyterlab/codeeditor": "^1.0.0",
      "@jupyterlab/coreutils": "^3.0.0",
      "@jupyterlab/docmanager": "^1.0.0",
      "@jupyterlab/docregistry": "^1.0.0",
      "@jupyterlab/fileeditor": "^1.0.0",
      "@jupyterlab/services": "^4.0.0",
      "@phosphor/coreutils": "^1.3.1",
      "@phosphor/disposable": "^1.2.0",
      "@phosphor/domutils": "^1.1.3",
      "@phosphor/messaging": "^1.2.3",
      "@phosphor/widgets": "^1.8.0",
      "pdfjs-dist": "^2.0.943",
      "react": "^16.8.6",
      "react-dom": "^16.8.6"
    },
    "devDependencies": {
      "@types/react": "^16.8.22",
      "@types/react-dom": "^16.8.4",
      "husky": "^2.4.1",
      "lint-staged": "^8.2.1",
      "prettier": "^1.18.2",
      "rimraf": "^2.6.3",
      "tslint": "^5.18.0",
      "tslint-config-prettier": "^1.18.0",
      "tslint-plugin-prettier": "^2.0.1",
      "typescript": "^3.5.2"
    },
    "resolutions": {
      "@types/react": "~16.4.13"
    },
    "jupyterlab": {
      "extension": "lib/index.js",
      "schemaDir": "schema"
    }
  }

yarn manifest: 
  No manifest

Lockfile: 
  No lockfile
